TOUCANS
TERMINATORS
TEAL TITANS
SWEETHEARTS
SUGER BEES
STINGRAYS
STAR SHOOTERS
SPEEDY TURTLES
SPACE BABES
SILVER BUTTERFLIES
SCORPIONS
MIND TRIP
MIDNIGHT RAIDERS
MEAN GREEN ALIENS
MANARCHS
FUGITIVES
FLAMING TIGERS
FIRE STRIKERS
FIGHTING IRISH 
AVALANCHE
ANTEATERS
AMERICAN BABES
0% ANGELS 
Winner
Elixir Junior
Legalize
Savage
The Skyrynners
Shooting Stars
The Abusement Park
Chafing the Dream
The Big Egos

--- ROUND NO:1
TOUCANS                          -                      TERMINATORS
TEAL TITANS                      -                      SWEETHEARTS
SUGER BEES                       -                        STINGRAYS
STAR SHOOTERS                    -                   SPEEDY TURTLES
SPACE BABES                      -               SILVER BUTTERFLIES
SCORPIONS                        -                        MIND TRIP
MIDNIGHT RAIDERS                 -                MEAN GREEN ALIENS
MANARCHS                         -                        FUGITIVES
FLAMING TIGERS                   -                    FIRE STRIKERS
FIGHTING IRISH                   -                        AVALANCHE
ANTEATERS                        -                   AMERICAN BABES
0% ANGELS                        -                           Winner
Elixir Junior                    -                         Legalize
Savage                           -                   The Skyrynners
Shooting Stars                   -               The Abusement Park
Chafing the Dream                -                     The Big Egos

WINNERS OF ROUND NO:1
Chafing the Dream                 -  6.60
The Abusement Park                -  8.30
The Skyrynners                    -  6.40
Elixir Junior                     -  6.50
Winner                            -  8.20
AMERICAN BABES                    -  7.40
FIGHTING IRISH                    -  7.80
FLAMING TIGERS                    -  6.20
FUGITIVES                         -  7.00
MEAN GREEN ALIENS                 -  6.60
MIND TRIP                         -  6.90
SILVER BUTTERFLIES                -  7.00
SPEEDY TURTLES                    -  7.90
STINGRAYS                         -  7.10
TEAL TITANS                       -  7.80
TERMINATORS                       -  8.30

--- ROUND NO:2
Chafing the Dream                -               The Abusement Park
The Skyrynners                   -                    Elixir Junior
Winner                           -                   AMERICAN BABES
FIGHTING IRISH                   -                   FLAMING TIGERS
FUGITIVES                        -                MEAN GREEN ALIENS
MIND TRIP                        -               SILVER BUTTERFLIES
SPEEDY TURTLES                   -                        STINGRAYS
TEAL TITANS                      -                      TERMINATORS

WINNERS OF ROUND NO:2
SPEEDY TURTLES                    -  8.90
TERMINATORS                       -  9.30

--- ROUND NO:3
SPEEDY TURTLES                   -                      TERMINATORS

WINNERS OF ROUND NO:3
TERMINATORS                       -  10.30
